#-----------------------------------------------------------
# Vivado v2017.4 (64-bit)
# SW Build 2086221 on Fri Dec 15 20:55:39 MST 2017
# IP Build 2085800 on Fri Dec 15 22:25:07 MST 2017
# Start of session at: Wed Jun 20 17:23:14 2018
# Process ID: 277264
# Current directory: C:/Users/John Rushing/Google Drive/GMU Stuff/ECE 445/git/ece445labs/lab2vivadodirectory/Lab2
# Command line: vivado.exe -gui_launcher_event rodinguilauncherevent268584 C:\Users\John Rushing\Google Drive\GMU Stuff\ECE 445\git\ece445labs\lab2vivadodirectory\Lab2\Lab2.xpr
# Log file: C:/Users/John Rushing/Google Drive/GMU Stuff/ECE 445/git/ece445labs/lab2vivadodirectory/Lab2/vivado.log
# Journal file: C:/Users/John Rushing/Google Drive/GMU Stuff/ECE 445/git/ece445labs/lab2vivadodirectory/Lab2\vivado.jou
#-----------------------------------------------------------
start_gui
open_project {C:/Users/John Rushing/Google Drive/GMU Stuff/ECE 445/git/ece445labs/lab2vivadodirectory/Lab2/Lab2.xpr}
INFO: [ProjectBase 1-489] The host OS only allows 260 characters in a normal path. The project is stored in a path with more than 80 characters. If you experience issues with IP, Block Designs, or files not being found, please consider moving the project to a location with a shorter path. Alternately consider using the OS subst command to map part of the path to a drive letter.
Current project path is 'C:/Users/John Rushing/Google Drive/GMU Stuff/ECE 445/git/ece445labs/lab2vivadodirectory/Lab2'
INFO: [Project 1-313] Project file moved from 'C:/Users/Spencer Lombardo/Documents/School/ECE 445 Lab/Lab2' since last save.
CRITICAL WARNING: [Project 1-311] Could not find the file 'C:/Users/John Rushing/Google Drive/GMU Stuff/ECE 445/ECE445Labs/ece445labs/Lab 2/pc.vhd', nor could it be found using path 'C:/Users/Spencer Lombardo/ECE445Labs/ece445labs/Lab 2/pc.vhd'.
CRITICAL WARNING: [Project 1-311] Could not find the file 'C:/Users/John Rushing/Google Drive/GMU Stuff/ECE 445/ECE445Labs/ece445labs/Lab 2/pcadd.vhd', nor could it be found using path 'C:/Users/Spencer Lombardo/ECE445Labs/ece445labs/Lab 2/pcadd.vhd'.
CRITICAL WARNING: [Project 1-311] Could not find the file 'C:/Users/John Rushing/Google Drive/GMU Stuff/ECE 445/ECE445Labs/ece445labs/Lab 2/instmem.vhd', nor could it be found using path 'C:/Users/Spencer Lombardo/ECE445Labs/ece445labs/Lab 2/instmem.vhd'.
CRITICAL WARNING: [Project 1-311] Could not find the file 'C:/Users/John Rushing/Google Drive/GMU Stuff/ECE 445/ECE445Labs/ece445labs/Lab 2/control.vhd', nor could it be found using path 'C:/Users/Spencer Lombardo/ECE445Labs/ece445labs/Lab 2/control.vhd'.
CRITICAL WARNING: [Project 1-311] Could not find the file 'C:/Users/John Rushing/Google Drive/GMU Stuff/ECE 445/ECE445Labs/ece445labs/Lab 2/alu.vhd', nor could it be found using path 'C:/Users/Spencer Lombardo/ECE445Labs/ece445labs/Lab 2/alu.vhd'.
CRITICAL WARNING: [Project 1-311] Could not find the file 'C:/Users/John Rushing/Google Drive/GMU Stuff/ECE 445/ECE445Labs/ece445labs/Lab 2/regfile.vhd', nor could it be found using path 'C:/Users/Spencer Lombardo/ECE445Labs/ece445labs/Lab 2/regfile.vhd'.
CRITICAL WARNING: [Project 1-311] Could not find the file 'C:/Users/John Rushing/Google Drive/GMU Stuff/ECE 445/ECE445Labs/ece445labs/Lab 2/ALUcntl.vhd', nor could it be found using path 'C:/Users/Spencer Lombardo/ECE445Labs/ece445labs/Lab 2/ALUcntl.vhd'.
WARNING: [filemgmt 20-922] The BXML file is of a newer version (0.35) then the current supported version (0.33).
Data could be potentially be lost
CRITICAL WARNING: [Project 1-311] Could not find the file 'C:/Users/John Rushing/Google Drive/GMU Stuff/ECE 445/ECE445Labs/ece445labs/Lab 2/DFFwEnable.vhd', nor could it be found using path 'C:/Users/Spencer Lombardo/ECE445Labs/ece445labs/Lab 2/DFFwEnable.vhd'.
CRITICAL WARNING: [Project 1-311] Could not find the file 'C:/Users/John Rushing/Google Drive/GMU Stuff/ECE 445/ECE445Labs/ece445labs/Lab 2/pcregister.vhd', nor could it be found using path 'C:/Users/Spencer Lombardo/ECE445Labs/ece445labs/Lab 2/pcregister.vhd'.
CRITICAL WARNING: [Project 1-311] Could not find the file 'C:/Users/John Rushing/Google Drive/GMU Stuff/ECE 445/ECE445Labs/ece445labs/Lab 2/lab2_tb.vhd', nor could it be found using path 'C:/Users/Spencer Lombardo/ECE445Labs/ece445labs/Lab 2/lab2_tb.vhd'.
Scanning sources...
Finished scanning sources
CRITICAL WARNING: [Project 1-192] Failed to load run synth_1. Strategy Vivado Synthesis Defaults (Vivado Synthesis 2018) not recognized by Vivado. 

CRITICAL WARNING: [Project 1-192] Failed to load run impl_1. Strategy Vivado Implementation Defaults (Vivado Implementation 2018) not recognized by Vivado. 

INFO: [IP_Flow 19-234] Refreshing IP repositories
INFO: [IP_Flow 19-1704] No user IP repositories specified
INFO: [IP_Flow 19-2313] Loaded Vivado IP repository 'C:/Xilinx/Vivado/2017.4/data/ip'.
WARNING: [BD 41-1663] The design 'lab2.bd' cannot be modified due to following reason(s):
* Project is read-only. Please run 'save_project_as' before making any change to the bd-design. 

WARNING: [BD 41-1661] One or more IPs have been locked in the design 'lab2.bd'. Please run report_ip_status for more details and recommendations on how to fix this issue.
List of locked IPs:
lab2_xlslice_0_0
lab2_xlslice_0_1
lab2_xlslice_0_2
lab2_xlslice_0_3
lab2_xlslice_0_4

WARNING: [Project 1-231] Project 'Lab2.xpr' was created with a future version and may or may not perform reliably with this version of Vivado. It has been opened in read-only mode for the protection of unrecognized data. Use 'File | Save Project As...' if you wish to alter a copy of the project.
update_compile_order -fileset sim_1
update_compile_order -fileset sources_1
exit
INFO: [Common 17-206] Exiting Vivado at Wed Jun 20 17:23:56 2018...
