#-----------------------------------------------------------
# Vivado v2018.1 (64-bit)
# SW Build 2188600 on Wed Apr  4 18:40:38 MDT 2018
# IP Build 2185939 on Wed Apr  4 20:55:05 MDT 2018
# Start of session at: Thu Jun 28 14:02:11 2018
# Process ID: 10316
# Current directory: C:/Users/Spencer Lombardo/ECE445Labs/ece445labs/lab2vivadodirectory/Lab2
# Command line: vivado.exe -gui_launcher_event rodinguilauncherevent9376 C:\Users\Spencer Lombardo\ECE445Labs\ece445labs\lab2vivadodirectory\Lab2\Lab2.xpr
# Log file: C:/Users/Spencer Lombardo/ECE445Labs/ece445labs/lab2vivadodirectory/Lab2/vivado.log
# Journal file: C:/Users/Spencer Lombardo/ECE445Labs/ece445labs/lab2vivadodirectory/Lab2\vivado.jou
#-----------------------------------------------------------
start_gui
open_project {C:/Users/Spencer Lombardo/ECE445Labs/ece445labs/lab2vivadodirectory/Lab2/Lab2.xpr}
INFO: [Project 1-313] Project file moved from 'C:/Users/Spencer Lombardo/Documents/School/ECE 445 Lab/Lab2' since last save.
Scanning sources...
Finished scanning sources
INFO: [IP_Flow 19-234] Refreshing IP repositories
INFO: [IP_Flow 19-1704] No user IP repositories specified
INFO: [IP_Flow 19-2313] Loaded Vivado IP repository 'C:/Xilinx/Vivado/2018.1/data/ip'.
open_project: Time (s): cpu = 00:00:17 ; elapsed = 00:00:11 . Memory (MB): peak = 750.734 ; gain = 65.973
update_compile_order -fileset sources_1
exit
INFO: [Common 17-206] Exiting Vivado at Thu Jun 28 14:03:12 2018...
