
*** Running vivado
    with args -log lab2_instmem_0_0.vds -m64 -product Vivado -mode batch -messageDb vivado.pb -notrace -source lab2_instmem_0_0.tcl


****** Vivado v2018.1 (64-bit)
  **** SW Build 2188600 on Wed Apr  4 18:40:38 MDT 2018
  **** IP Build 2185939 on Wed Apr  4 20:55:05 MDT 2018
    ** Copyright 1986-2018 Xilinx, Inc. All Rights Reserved.

source lab2_instmem_0_0.tcl -notrace
Command: synth_design -top lab2_instmem_0_0 -part xc7a15tcpg236-1 -mode out_of_context
Starting synth_design
Attempting to get a license for feature 'Synthesis' and/or device 'xc7a15t'
INFO: [Common 17-349] Got license for feature 'Synthesis' and/or device 'xc7a15t'
INFO: Launching helper process for spawning children vivado processes
INFO: Helper process launched with PID 12012 
---------------------------------------------------------------------------------
Starting Synthesize : Time (s): cpu = 00:00:08 ; elapsed = 00:00:09 . Memory (MB): peak = 386.906 ; gain = 101.043
---------------------------------------------------------------------------------
INFO: [Synth 8-638] synthesizing module 'lab2_instmem_0_0' [c:/Users/Spencer Lombardo/ECE445Labs/ece445labs/lab2vivadodirectory/Lab2/Lab2.srcs/sources_1/bd/lab2/ip/lab2_instmem_0_0/synth/lab2_instmem_0_0.vhd:63]
INFO: [Synth 8-3491] module 'instmem' declared at 'C:/Users/Spencer Lombardo/ECE445Labs/ece445labs/Lab 2/instmem.vhd:8' bound to instance 'U0' of component 'instmem' [c:/Users/Spencer Lombardo/ECE445Labs/ece445labs/lab2vivadodirectory/Lab2/Lab2.srcs/sources_1/bd/lab2/ip/lab2_instmem_0_0/synth/lab2_instmem_0_0.vhd:79]
INFO: [Synth 8-638] synthesizing module 'instmem' [C:/Users/Spencer Lombardo/ECE445Labs/ece445labs/Lab 2/instmem.vhd:13]
INFO: [Synth 8-256] done synthesizing module 'instmem' (1#1) [C:/Users/Spencer Lombardo/ECE445Labs/ece445labs/Lab 2/instmem.vhd:13]
INFO: [Synth 8-256] done synthesizing module 'lab2_instmem_0_0' (2#1) [c:/Users/Spencer Lombardo/ECE445Labs/ece445labs/lab2vivadodirectory/Lab2/Lab2.srcs/sources_1/bd/lab2/ip/lab2_instmem_0_0/synth/lab2_instmem_0_0.vhd:63]
---------------------------------------------------------------------------------
Finished Synthesize : Time (s): cpu = 00:00:10 ; elapsed = 00:00:11 . Memory (MB): peak = 441.516 ; gain = 155.652
---------------------------------------------------------------------------------
---------------------------------------------------------------------------------
Finished Constraint Validation : Time (s): cpu = 00:00:10 ; elapsed = 00:00:11 . Memory (MB): peak = 441.516 ; gain = 155.652
---------------------------------------------------------------------------------
---------------------------------------------------------------------------------
Start Loading Part and Timing Information
---------------------------------------------------------------------------------
Loading part: xc7a15tcpg236-1
---------------------------------------------------------------------------------
Finished Loading Part and Timing Information : Time (s): cpu = 00:00:10 ; elapsed = 00:00:11 . Memory (MB): peak = 441.516 ; gain = 155.652
---------------------------------------------------------------------------------
INFO: [Device 21-403] Loading part xc7a15tcpg236-1
INFO: [Synth 8-5546] ROM "RAM" won't be mapped to RAM because it is too sparse
INFO: [Synth 8-5546] ROM "RAM" won't be mapped to RAM because it is too sparse
INFO: [Synth 8-5546] ROM "RAM" won't be mapped to RAM because it is too sparse
INFO: [Synth 8-5546] ROM "RAM" won't be mapped to RAM because it is too sparse
---------------------------------------------------------------------------------
Finished RTL Optimization Phase 2 : Time (s): cpu = 00:00:10 ; elapsed = 00:00:11 . Memory (MB): peak = 441.516 ; gain = 155.652
---------------------------------------------------------------------------------

Report RTL Partitions: 
+-+--------------+------------+----------+
| |RTL Partition |Replication |Instances |
+-+--------------+------------+----------+
+-+--------------+------------+----------+
No constraint files found.
---------------------------------------------------------------------------------
Start RTL Component Statistics 
---------------------------------------------------------------------------------
Detailed RTL Component Info : 
+---Adders : 
	   2 Input      6 Bit       Adders := 3     
+---Muxes : 
	  53 Input      8 Bit        Muxes := 4     
---------------------------------------------------------------------------------
Finished RTL Component Statistics 
---------------------------------------------------------------------------------
---------------------------------------------------------------------------------
Start RTL Hierarchical Component Statistics 
---------------------------------------------------------------------------------
Hierarchical RTL Component report 
Module instmem 
Detailed RTL Component Info : 
+---Adders : 
	   2 Input      6 Bit       Adders := 3     
+---Muxes : 
	  53 Input      8 Bit        Muxes := 4     
---------------------------------------------------------------------------------
Finished RTL Hierarchical Component Statistics
---------------------------------------------------------------------------------
---------------------------------------------------------------------------------
Start Part Resource Summary
---------------------------------------------------------------------------------
Part Resources:
DSPs: 45 (col length:60)
BRAMs: 50 (col length: RAMB18 60 RAMB36 30)
---------------------------------------------------------------------------------
Finished Part Resource Summary
---------------------------------------------------------------------------------
No constraint files found.
---------------------------------------------------------------------------------
Start Cross Boundary and Area Optimization
---------------------------------------------------------------------------------
Warning: Parallel synthesis criteria is not met 
WARNING: [Synth 8-3331] design lab2_instmem_0_0 has unconnected port read_inst[31]
WARNING: [Synth 8-3331] design lab2_instmem_0_0 has unconnected port read_inst[30]
WARNING: [Synth 8-3331] design lab2_instmem_0_0 has unconnected port read_inst[29]
WARNING: [Synth 8-3331] design lab2_instmem_0_0 has unconnected port read_inst[28]
WARNING: [Synth 8-3331] design lab2_instmem_0_0 has unconnected port read_inst[27]
WARNING: [Synth 8-3331] design lab2_instmem_0_0 has unconnected port read_inst[26]
WARNING: [Synth 8-3331] design lab2_instmem_0_0 has unconnected port read_inst[25]
WARNING: [Synth 8-3331] design lab2_instmem_0_0 has unconnected port read_inst[24]
WARNING: [Synth 8-3331] design lab2_instmem_0_0 has unconnected port read_inst[23]
WARNING: [Synth 8-3331] design lab2_instmem_0_0 has unconnected port read_inst[22]
WARNING: [Synth 8-3331] design lab2_instmem_0_0 has unconnected port read_inst[21]
WARNING: [Synth 8-3331] design lab2_instmem_0_0 has unconnected port read_inst[20]
WARNING: [Synth 8-3331] design lab2_instmem_0_0 has unconnected port read_inst[19]
WARNING: [Synth 8-3331] design lab2_instmem_0_0 has unconnected port read_inst[18]
WARNING: [Synth 8-3331] design lab2_instmem_0_0 has unconnected port read_inst[17]
WARNING: [Synth 8-3331] design lab2_instmem_0_0 has unconnected port read_inst[16]
WARNING: [Synth 8-3331] design lab2_instmem_0_0 has unconnected port read_inst[15]
WARNING: [Synth 8-3331] design lab2_instmem_0_0 has unconnected port read_inst[14]
WARNING: [Synth 8-3331] design lab2_instmem_0_0 has unconnected port read_inst[13]
WARNING: [Synth 8-3331] design lab2_instmem_0_0 has unconnected port read_inst[12]
WARNING: [Synth 8-3331] design lab2_instmem_0_0 has unconnected port read_inst[11]
WARNING: [Synth 8-3331] design lab2_instmem_0_0 has unconnected port read_inst[10]
WARNING: [Synth 8-3331] design lab2_instmem_0_0 has unconnected port read_inst[9]
WARNING: [Synth 8-3331] design lab2_instmem_0_0 has unconnected port read_inst[8]
WARNING: [Synth 8-3331] design lab2_instmem_0_0 has unconnected port read_inst[7]
WARNING: [Synth 8-3331] design lab2_instmem_0_0 has unconnected port read_inst[6]
---------------------------------------------------------------------------------
Finished Cross Boundary and Area Optimization : Time (s): cpu = 00:00:16 ; elapsed = 00:00:18 . Memory (MB): peak = 569.250 ; gain = 283.387
---------------------------------------------------------------------------------

Report RTL Partitions: 
+-+--------------+------------+----------+
| |RTL Partition |Replication |Instances |
+-+--------------+------------+----------+
+-+--------------+------------+----------+
No constraint files found.
---------------------------------------------------------------------------------
Start Timing Optimization
---------------------------------------------------------------------------------
---------------------------------------------------------------------------------
Finished Timing Optimization : Time (s): cpu = 00:00:16 ; elapsed = 00:00:18 . Memory (MB): peak = 569.250 ; gain = 283.387
---------------------------------------------------------------------------------

Report RTL Partitions: 
+-+--------------+------------+----------+
| |RTL Partition |Replication |Instances |
+-+--------------+------------+----------+
+-+--------------+------------+----------+
---------------------------------------------------------------------------------
Start Technology Mapping
---------------------------------------------------------------------------------
---------------------------------------------------------------------------------
Finished Technology Mapping : Time (s): cpu = 00:00:16 ; elapsed = 00:00:18 . Memory (MB): peak = 569.250 ; gain = 283.387
---------------------------------------------------------------------------------

Report RTL Partitions: 
+-+--------------+------------+----------+
| |RTL Partition |Replication |Instances |
+-+--------------+------------+----------+
+-+--------------+------------+----------+
---------------------------------------------------------------------------------
Start IO Insertion
---------------------------------------------------------------------------------
---------------------------------------------------------------------------------
Start Flattening Before IO Insertion
---------------------------------------------------------------------------------
---------------------------------------------------------------------------------
Finished Flattening Before IO Insertion
---------------------------------------------------------------------------------
---------------------------------------------------------------------------------
Start Final Netlist Cleanup
---------------------------------------------------------------------------------
---------------------------------------------------------------------------------
Finished Final Netlist Cleanup
---------------------------------------------------------------------------------
---------------------------------------------------------------------------------
Finished IO Insertion : Time (s): cpu = 00:00:18 ; elapsed = 00:00:20 . Memory (MB): peak = 569.250 ; gain = 283.387
---------------------------------------------------------------------------------

Report Check Netlist: 
+------+------------------+-------+---------+-------+------------------+
|      |Item              |Errors |Warnings |Status |Description       |
+------+------------------+-------+---------+-------+------------------+
|1     |multi_driven_nets |      0|        0|Passed |Multi driven nets |
+------+------------------+-------+---------+-------+------------------+
---------------------------------------------------------------------------------
Start Renaming Generated Instances
---------------------------------------------------------------------------------
---------------------------------------------------------------------------------
Finished Renaming Generated Instances : Time (s): cpu = 00:00:18 ; elapsed = 00:00:20 . Memory (MB): peak = 569.250 ; gain = 283.387
---------------------------------------------------------------------------------

Report RTL Partitions: 
+-+--------------+------------+----------+
| |RTL Partition |Replication |Instances |
+-+--------------+------------+----------+
+-+--------------+------------+----------+
---------------------------------------------------------------------------------
Start Rebuilding User Hierarchy
---------------------------------------------------------------------------------
---------------------------------------------------------------------------------
Finished Rebuilding User Hierarchy : Time (s): cpu = 00:00:18 ; elapsed = 00:00:20 . Memory (MB): peak = 569.250 ; gain = 283.387
---------------------------------------------------------------------------------
---------------------------------------------------------------------------------
Start Renaming Generated Ports
---------------------------------------------------------------------------------
---------------------------------------------------------------------------------
Finished Renaming Generated Ports : Time (s): cpu = 00:00:18 ; elapsed = 00:00:20 . Memory (MB): peak = 569.250 ; gain = 283.387
---------------------------------------------------------------------------------
---------------------------------------------------------------------------------
Start Handling Custom Attributes
---------------------------------------------------------------------------------
---------------------------------------------------------------------------------
Finished Handling Custom Attributes : Time (s): cpu = 00:00:18 ; elapsed = 00:00:20 . Memory (MB): peak = 569.250 ; gain = 283.387
---------------------------------------------------------------------------------
---------------------------------------------------------------------------------
Start Renaming Generated Nets
---------------------------------------------------------------------------------
---------------------------------------------------------------------------------
Finished Renaming Generated Nets : Time (s): cpu = 00:00:18 ; elapsed = 00:00:20 . Memory (MB): peak = 569.250 ; gain = 283.387
---------------------------------------------------------------------------------
---------------------------------------------------------------------------------
Start Writing Synthesis Report
---------------------------------------------------------------------------------

Report BlackBoxes: 
+-+--------------+----------+
| |BlackBox name |Instances |
+-+--------------+----------+
+-+--------------+----------+

Report Cell Usage: 
+------+-----+------+
|      |Cell |Count |
+------+-----+------+
|1     |LUT5 |     4|
|2     |LUT6 |    28|
+------+-----+------+

Report Instance Areas: 
+------+---------+-------+------+
|      |Instance |Module |Cells |
+------+---------+-------+------+
|1     |top      |       |    32|
+------+---------+-------+------+
---------------------------------------------------------------------------------
Finished Writing Synthesis Report : Time (s): cpu = 00:00:18 ; elapsed = 00:00:20 . Memory (MB): peak = 569.250 ; gain = 283.387
---------------------------------------------------------------------------------
Synthesis finished with 0 errors, 0 critical warnings and 26 warnings.
Synthesis Optimization Runtime : Time (s): cpu = 00:00:18 ; elapsed = 00:00:20 . Memory (MB): peak = 569.250 ; gain = 283.387
Synthesis Optimization Complete : Time (s): cpu = 00:00:18 ; elapsed = 00:00:20 . Memory (MB): peak = 569.250 ; gain = 283.387
INFO: [Project 1-571] Translating synthesized netlist
INFO: [Project 1-570] Preparing netlist for logic optimization
INFO: [Opt 31-138] Pushed 0 inverter(s) to 0 load pin(s).
INFO: [Project 1-111] Unisim Transformation Summary:
No Unisim elements were transformed.

INFO: [Common 17-83] Releasing license: Synthesis
16 Infos, 26 Warnings, 0 Critical Warnings and 0 Errors encountered.
synth_design completed successfully
synth_design: Time (s): cpu = 00:00:23 ; elapsed = 00:00:26 . Memory (MB): peak = 677.652 ; gain = 404.777
INFO: [Timing 38-35] Done setting XDC timing constraints.
INFO: [Common 17-1381] The checkpoint 'C:/Users/Spencer Lombardo/ECE445Labs/ece445labs/lab2vivadodirectory/Lab2/Lab2.runs/lab2_instmem_0_0_synth_1/lab2_instmem_0_0.dcp' has been generated.
write_checkpoint: Time (s): cpu = 00:00:21 ; elapsed = 00:00:23 . Memory (MB): peak = 1178.457 ; gain = 500.805
INFO: [Common 17-1381] The checkpoint 'C:/Users/Spencer Lombardo/ECE445Labs/ece445labs/lab2vivadodirectory/Lab2/Lab2.runs/lab2_instmem_0_0_synth_1/lab2_instmem_0_0.dcp' has been generated.
INFO: [runtcl-4] Executing : report_utilization -file lab2_instmem_0_0_utilization_synth.rpt -pb lab2_instmem_0_0_utilization_synth.pb
report_utilization: Time (s): cpu = 00:00:00 ; elapsed = 00:00:00.036 . Memory (MB): peak = 1178.934 ; gain = 0.000
INFO: [Common 17-206] Exiting Vivado at Thu Jun 28 14:13:38 2018...
